<?xml version="1.0" encoding="UTF-8"?>
<testsuite xmlns:xsi="http://www.w3.org/2001/XMLSchema-instance" xsi:noNamespaceSchemaLocation="https://maven.apache.org/surefire/maven-surefire-plugin/xsd/surefire-test-report.xsd" name="com.framework.www.Tests.Test1" time="38.17" tests="2" errors="0" skipped="0" failures="0">
  <properties>
    <property name="java.specification.version" value="14"/>
    <property name="sun.jnu.encoding" value="UTF-8"/>
    <property name="java.class.path" value="/Users/siddhardha/Downloads/Poorna123-citiassignment-5af43771e16a/target/test-classes:/Users/siddhardha/Downloads/Poorna123-citiassignment-5af43771e16a/target/classes:/Users/siddhardha/.m2/repository/org/apache/commons/commons-lang3/3.1/commons-lang3-3.1.jar:/Users/siddhardha/.m2/repository/org/springframework/spring-core/5.3.4/spring-core-5.3.4.jar:/Users/siddhardha/.m2/repository/org/springframework/spring-jcl/5.3.4/spring-jcl-5.3.4.jar:/Users/siddhardha/.m2/repository/org/seleniumhq/selenium/selenium-java/3.141.59/selenium-java-3.141.59.jar:/Users/siddhardha/.m2/repository/org/seleniumhq/selenium/selenium-api/3.141.59/selenium-api-3.141.59.jar:/Users/siddhardha/.m2/repository/org/seleniumhq/selenium/selenium-chrome-driver/3.141.59/selenium-chrome-driver-3.141.59.jar:/Users/siddhardha/.m2/repository/org/seleniumhq/selenium/selenium-edge-driver/3.141.59/selenium-edge-driver-3.141.59.jar:/Users/siddhardha/.m2/repository/org/seleniumhq/selenium/selenium-firefox-driver/3.141.59/selenium-firefox-driver-3.141.59.jar:/Users/siddhardha/.m2/repository/org/seleniumhq/selenium/selenium-ie-driver/3.141.59/selenium-ie-driver-3.141.59.jar:/Users/siddhardha/.m2/repository/org/seleniumhq/selenium/selenium-opera-driver/3.141.59/selenium-opera-driver-3.141.59.jar:/Users/siddhardha/.m2/repository/org/seleniumhq/selenium/selenium-remote-driver/3.141.59/selenium-remote-driver-3.141.59.jar:/Users/siddhardha/.m2/repository/org/seleniumhq/selenium/selenium-safari-driver/3.141.59/selenium-safari-driver-3.141.59.jar:/Users/siddhardha/.m2/repository/org/seleniumhq/selenium/selenium-support/3.141.59/selenium-support-3.141.59.jar:/Users/siddhardha/.m2/repository/net/bytebuddy/byte-buddy/1.8.15/byte-buddy-1.8.15.jar:/Users/siddhardha/.m2/repository/org/apache/commons/commons-exec/1.3/commons-exec-1.3.jar:/Users/siddhardha/.m2/repository/com/google/guava/guava/25.0-jre/guava-25.0-jre.jar:/Users/siddhardha/.m2/repository/com/google/code/findbugs/jsr305/1.3.9/jsr305-1.3.9.jar:/Users/siddhardha/.m2/repository/org/checkerframework/checker-compat-qual/2.0.0/checker-compat-qual-2.0.0.jar:/Users/siddhardha/.m2/repository/com/google/errorprone/error_prone_annotations/2.1.3/error_prone_annotations-2.1.3.jar:/Users/siddhardha/.m2/repository/com/google/j2objc/j2objc-annotations/1.1/j2objc-annotations-1.1.jar:/Users/siddhardha/.m2/repository/org/codehaus/mojo/animal-sniffer-annotations/1.14/animal-sniffer-annotations-1.14.jar:/Users/siddhardha/.m2/repository/com/squareup/okhttp3/okhttp/3.11.0/okhttp-3.11.0.jar:/Users/siddhardha/.m2/repository/com/squareup/okio/okio/1.14.0/okio-1.14.0.jar:/Users/siddhardha/.m2/repository/org/apache/poi/poi/4.1.2/poi-4.1.2.jar:/Users/siddhardha/.m2/repository/commons-codec/commons-codec/1.13/commons-codec-1.13.jar:/Users/siddhardha/.m2/repository/org/apache/commons/commons-collections4/4.4/commons-collections4-4.4.jar:/Users/siddhardha/.m2/repository/org/apache/commons/commons-math3/3.6.1/commons-math3-3.6.1.jar:/Users/siddhardha/.m2/repository/com/zaxxer/SparseBitSet/1.2/SparseBitSet-1.2.jar:/Users/siddhardha/.m2/repository/org/apache/poi/poi-ooxml/4.1.2/poi-ooxml-4.1.2.jar:/Users/siddhardha/.m2/repository/org/apache/poi/poi-ooxml-schemas/4.1.2/poi-ooxml-schemas-4.1.2.jar:/Users/siddhardha/.m2/repository/org/apache/xmlbeans/xmlbeans/3.1.0/xmlbeans-3.1.0.jar:/Users/siddhardha/.m2/repository/org/apache/commons/commons-compress/1.19/commons-compress-1.19.jar:/Users/siddhardha/.m2/repository/com/github/virtuald/curvesapi/1.06/curvesapi-1.06.jar:/Users/siddhardha/.m2/repository/commons-io/commons-io/2.6/commons-io-2.6.jar:/Users/siddhardha/.m2/repository/com/relevantcodes/extentreports/2.41.2/extentreports-2.41.2.jar:/Users/siddhardha/.m2/repository/org/jsoup/jsoup/1.8.3/jsoup-1.8.3.jar:/Users/siddhardha/.m2/repository/org/xerial/sqlite-jdbc/3.8.11.1/sqlite-jdbc-3.8.11.1.jar:/Users/siddhardha/.m2/repository/org/freemarker/freemarker/2.3.23/freemarker-2.3.23.jar:/Users/siddhardha/.m2/repository/org/mongodb/mongodb-driver/3.0.4/mongodb-driver-3.0.4.jar:/Users/siddhardha/.m2/repository/org/mongodb/bson/3.0.4/bson-3.0.4.jar:/Users/siddhardha/.m2/repository/org/mongodb/mongodb-driver-core/3.0.4/mongodb-driver-core-3.0.4.jar:/Users/siddhardha/.m2/repository/junit/junit/4.13.2/junit-4.13.2.jar:/Users/siddhardha/.m2/repository/org/hamcrest/hamcrest-core/1.3/hamcrest-core-1.3.jar:/Users/siddhardha/.m2/repository/org/junit/platform/junit-platform-runner/1.7.1/junit-platform-runner-1.7.1.jar:/Users/siddhardha/.m2/repository/org/apiguardian/apiguardian-api/1.1.0/apiguardian-api-1.1.0.jar:/Users/siddhardha/.m2/repository/org/junit/platform/junit-platform-launcher/1.7.1/junit-platform-launcher-1.7.1.jar:/Users/siddhardha/.m2/repository/org/junit/platform/junit-platform-suite-api/1.7.1/junit-platform-suite-api-1.7.1.jar:/Users/siddhardha/.m2/repository/org/junit/jupiter/junit-jupiter-api/5.7.1/junit-jupiter-api-5.7.1.jar:/Users/siddhardha/.m2/repository/org/opentest4j/opentest4j/1.2.0/opentest4j-1.2.0.jar:/Users/siddhardha/.m2/repository/org/junit/platform/junit-platform-commons/1.7.1/junit-platform-commons-1.7.1.jar:/Users/siddhardha/.m2/repository/org/junit/jupiter/junit-jupiter-engine/5.7.1/junit-jupiter-engine-5.7.1.jar:/Users/siddhardha/.m2/repository/org/junit/platform/junit-platform-engine/1.7.1/junit-platform-engine-1.7.1.jar:"/>
    <property name="java.vm.vendor" value="Oracle Corporation"/>
    <property name="sun.arch.data.model" value="64"/>
    <property name="java.vendor.url" value="https://java.oracle.com/"/>
    <property name="os.name" value="Mac OS X"/>
    <property name="java.vm.specification.version" value="14"/>
    <property name="sun.java.launcher" value="SUN_STANDARD"/>
    <property name="user.country" value="CA"/>
    <property name="sun.boot.library.path" value="/Library/Java/JavaVirtualMachines/jdk-14.0.2.jdk/Contents/Home/lib"/>
    <property name="sun.java.command" value="/Users/siddhardha/Downloads/Poorna123-citiassignment-5af43771e16a/target/surefire/surefirebooter8691016323353635409.jar /Users/siddhardha/Downloads/Poorna123-citiassignment-5af43771e16a/target/surefire 2021-03-01T16-37-02_356-jvmRun1 surefire14785661180926312677tmp surefire_011677537721369995506tmp"/>
    <property name="http.nonProxyHosts" value="local|*.local|169.254/16|*.169.254/16"/>
    <property name="jdk.debug" value="release"/>
    <property name="surefire.test.class.path" value="/Users/siddhardha/Downloads/Poorna123-citiassignment-5af43771e16a/target/test-classes:/Users/siddhardha/Downloads/Poorna123-citiassignment-5af43771e16a/target/classes:/Users/siddhardha/.m2/repository/org/apache/commons/commons-lang3/3.1/commons-lang3-3.1.jar:/Users/siddhardha/.m2/repository/org/springframework/spring-core/5.3.4/spring-core-5.3.4.jar:/Users/siddhardha/.m2/repository/org/springframework/spring-jcl/5.3.4/spring-jcl-5.3.4.jar:/Users/siddhardha/.m2/repository/org/seleniumhq/selenium/selenium-java/3.141.59/selenium-java-3.141.59.jar:/Users/siddhardha/.m2/repository/org/seleniumhq/selenium/selenium-api/3.141.59/selenium-api-3.141.59.jar:/Users/siddhardha/.m2/repository/org/seleniumhq/selenium/selenium-chrome-driver/3.141.59/selenium-chrome-driver-3.141.59.jar:/Users/siddhardha/.m2/repository/org/seleniumhq/selenium/selenium-edge-driver/3.141.59/selenium-edge-driver-3.141.59.jar:/Users/siddhardha/.m2/repository/org/seleniumhq/selenium/selenium-firefox-driver/3.141.59/selenium-firefox-driver-3.141.59.jar:/Users/siddhardha/.m2/repository/org/seleniumhq/selenium/selenium-ie-driver/3.141.59/selenium-ie-driver-3.141.59.jar:/Users/siddhardha/.m2/repository/org/seleniumhq/selenium/selenium-opera-driver/3.141.59/selenium-opera-driver-3.141.59.jar:/Users/siddhardha/.m2/repository/org/seleniumhq/selenium/selenium-remote-driver/3.141.59/selenium-remote-driver-3.141.59.jar:/Users/siddhardha/.m2/repository/org/seleniumhq/selenium/selenium-safari-driver/3.141.59/selenium-safari-driver-3.141.59.jar:/Users/siddhardha/.m2/repository/org/seleniumhq/selenium/selenium-support/3.141.59/selenium-support-3.141.59.jar:/Users/siddhardha/.m2/repository/net/bytebuddy/byte-buddy/1.8.15/byte-buddy-1.8.15.jar:/Users/siddhardha/.m2/repository/org/apache/commons/commons-exec/1.3/commons-exec-1.3.jar:/Users/siddhardha/.m2/repository/com/google/guava/guava/25.0-jre/guava-25.0-jre.jar:/Users/siddhardha/.m2/repository/com/google/code/findbugs/jsr305/1.3.9/jsr305-1.3.9.jar:/Users/siddhardha/.m2/repository/org/checkerframework/checker-compat-qual/2.0.0/checker-compat-qual-2.0.0.jar:/Users/siddhardha/.m2/repository/com/google/errorprone/error_prone_annotations/2.1.3/error_prone_annotations-2.1.3.jar:/Users/siddhardha/.m2/repository/com/google/j2objc/j2objc-annotations/1.1/j2objc-annotations-1.1.jar:/Users/siddhardha/.m2/repository/org/codehaus/mojo/animal-sniffer-annotations/1.14/animal-sniffer-annotations-1.14.jar:/Users/siddhardha/.m2/repository/com/squareup/okhttp3/okhttp/3.11.0/okhttp-3.11.0.jar:/Users/siddhardha/.m2/repository/com/squareup/okio/okio/1.14.0/okio-1.14.0.jar:/Users/siddhardha/.m2/repository/org/apache/poi/poi/4.1.2/poi-4.1.2.jar:/Users/siddhardha/.m2/repository/commons-codec/commons-codec/1.13/commons-codec-1.13.jar:/Users/siddhardha/.m2/repository/org/apache/commons/commons-collections4/4.4/commons-collections4-4.4.jar:/Users/siddhardha/.m2/repository/org/apache/commons/commons-math3/3.6.1/commons-math3-3.6.1.jar:/Users/siddhardha/.m2/repository/com/zaxxer/SparseBitSet/1.2/SparseBitSet-1.2.jar:/Users/siddhardha/.m2/repository/org/apache/poi/poi-ooxml/4.1.2/poi-ooxml-4.1.2.jar:/Users/siddhardha/.m2/repository/org/apache/poi/poi-ooxml-schemas/4.1.2/poi-ooxml-schemas-4.1.2.jar:/Users/siddhardha/.m2/repository/org/apache/xmlbeans/xmlbeans/3.1.0/xmlbeans-3.1.0.jar:/Users/siddhardha/.m2/repository/org/apache/commons/commons-compress/1.19/commons-compress-1.19.jar:/Users/siddhardha/.m2/repository/com/github/virtuald/curvesapi/1.06/curvesapi-1.06.jar:/Users/siddhardha/.m2/repository/commons-io/commons-io/2.6/commons-io-2.6.jar:/Users/siddhardha/.m2/repository/com/relevantcodes/extentreports/2.41.2/extentreports-2.41.2.jar:/Users/siddhardha/.m2/repository/org/jsoup/jsoup/1.8.3/jsoup-1.8.3.jar:/Users/siddhardha/.m2/repository/org/xerial/sqlite-jdbc/3.8.11.1/sqlite-jdbc-3.8.11.1.jar:/Users/siddhardha/.m2/repository/org/freemarker/freemarker/2.3.23/freemarker-2.3.23.jar:/Users/siddhardha/.m2/repository/org/mongodb/mongodb-driver/3.0.4/mongodb-driver-3.0.4.jar:/Users/siddhardha/.m2/repository/org/mongodb/bson/3.0.4/bson-3.0.4.jar:/Users/siddhardha/.m2/repository/org/mongodb/mongodb-driver-core/3.0.4/mongodb-driver-core-3.0.4.jar:/Users/siddhardha/.m2/repository/junit/junit/4.13.2/junit-4.13.2.jar:/Users/siddhardha/.m2/repository/org/hamcrest/hamcrest-core/1.3/hamcrest-core-1.3.jar:/Users/siddhardha/.m2/repository/org/junit/platform/junit-platform-runner/1.7.1/junit-platform-runner-1.7.1.jar:/Users/siddhardha/.m2/repository/org/apiguardian/apiguardian-api/1.1.0/apiguardian-api-1.1.0.jar:/Users/siddhardha/.m2/repository/org/junit/platform/junit-platform-launcher/1.7.1/junit-platform-launcher-1.7.1.jar:/Users/siddhardha/.m2/repository/org/junit/platform/junit-platform-suite-api/1.7.1/junit-platform-suite-api-1.7.1.jar:/Users/siddhardha/.m2/repository/org/junit/jupiter/junit-jupiter-api/5.7.1/junit-jupiter-api-5.7.1.jar:/Users/siddhardha/.m2/repository/org/opentest4j/opentest4j/1.2.0/opentest4j-1.2.0.jar:/Users/siddhardha/.m2/repository/org/junit/platform/junit-platform-commons/1.7.1/junit-platform-commons-1.7.1.jar:/Users/siddhardha/.m2/repository/org/junit/jupiter/junit-jupiter-engine/5.7.1/junit-jupiter-engine-5.7.1.jar:/Users/siddhardha/.m2/repository/org/junit/platform/junit-platform-engine/1.7.1/junit-platform-engine-1.7.1.jar:"/>
    <property name="sun.cpu.endian" value="little"/>
    <property name="user.home" value="/Users/siddhardha"/>
    <property name="user.language" value="en"/>
    <property name="java.specification.vendor" value="Oracle Corporation"/>
    <property name="java.version.date" value="2020-07-14"/>
    <property name="java.home" value="/Library/Java/JavaVirtualMachines/jdk-14.0.2.jdk/Contents/Home"/>
    <property name="file.separator" value="/"/>
    <property name="basedir" value="/Users/siddhardha/Downloads/Poorna123-citiassignment-5af43771e16a"/>
    <property name="java.vm.compressedOopsMode" value="Zero based"/>
    <property name="line.separator" value="&#10;"/>
    <property name="java.specification.name" value="Java Platform API Specification"/>
    <property name="java.vm.specification.vendor" value="Oracle Corporation"/>
    <property name="surefire.real.class.path" value="/Users/siddhardha/Downloads/Poorna123-citiassignment-5af43771e16a/target/surefire/surefirebooter8691016323353635409.jar"/>
    <property name="sun.management.compiler" value="HotSpot 64-Bit Tiered Compilers"/>
    <property name="ftp.nonProxyHosts" value="local|*.local|169.254/16|*.169.254/16"/>
    <property name="java.runtime.version" value="14.0.2+12-46"/>
    <property name="user.name" value="siddhardha"/>
    <property name="path.separator" value=":"/>
    <property name="os.version" value="10.16"/>
    <property name="java.runtime.name" value="Java(TM) SE Runtime Environment"/>
    <property name="file.encoding" value="UTF-8"/>
    <property name="java.vm.name" value="Java HotSpot(TM) 64-Bit Server VM"/>
    <property name="localRepository" value="/Users/siddhardha/.m2/repository"/>
    <property name="java.vendor.url.bug" value="https://bugreport.java.com/bugreport/"/>
    <property name="java.io.tmpdir" value="/var/folders/8v/qz9df65s3hz_8p084jg1ylrr0000gn/T/"/>
    <property name="idea.version" value="2020.3.2"/>
    <property name="java.version" value="14.0.2"/>
    <property name="user.dir" value="/Users/siddhardha/Downloads/Poorna123-citiassignment-5af43771e16a"/>
    <property name="os.arch" value="x86_64"/>
    <property name="java.vm.specification.name" value="Java Virtual Machine Specification"/>
    <property name="java.library.path" value="/Users/siddhardha/Library/Java/Extensions:/Library/Java/Extensions:/Network/Library/Java/Extensions:/System/Library/Java/Extensions:/usr/lib/java:."/>
    <property name="java.vm.info" value="mixed mode, sharing"/>
    <property name="java.vendor" value="Oracle Corporation"/>
    <property name="java.vm.version" value="14.0.2+12-46"/>
    <property name="sun.io.unicode.encoding" value="UnicodeBig"/>
    <property name="socksNonProxyHosts" value="local|*.local|169.254/16|*.169.254/16"/>
    <property name="java.class.version" value="58.0"/>
  </properties>
  <testcase name="invalidLoginUsingEmailAddress" classname="com.framework.www.Tests.Test1" time="17.646"/>
  <testcase name="invalidLoginUsingPhoneNumber" classname="com.framework.www.Tests.Test1" time="19.971"/>
</testsuite>